[ 2016-12-03T15:26:54+08:00 ] ::1 /juanzhuzhu/
INFO: [ app_init ] --START--
INFO: Run Behavior\BuildLiteBehavior [ RunTime:0.000197s ]
INFO: [ app_init ] --END-- [ RunTime:0.000997s ]
INFO: [ app_begin ] --START--
INFO: Run Behavior\ReadHtmlCacheBehavior [ RunTime:0.000569s ]
INFO: [ app_begin ] --END-- [ RunTime:0.000607s ]
SQL: SHOW COLUMNS FROM `sys_coupon` [ RunTime:0.0115s ]
NOTIC: [8] Undefined variable: rows /Applications/XAMPP/xamppfiles/htdocs/juanzhuzhu/Application/Home/Logic/CouponLogic.class.php 第 25 行.
NOTIC: [8] Undefined index:  /Applications/XAMPP/xamppfiles/htdocs/juanzhuzhu/Application/Home/Logic/CouponLogic.class.php 第 81 行.
SQL: SELECT COUNT(*) AS tp_count FROM `sys_coupon` WHERE (  1  AND end_time>=1480694400 AND  price < 10  ) LIMIT 1   [ RunTime:0.0201s ]
NOTIC: [8] Undefined index: p /Applications/XAMPP/xamppfiles/htdocs/juanzhuzhu/Application/Home/Logic/CouponLogic.class.php 第 33 行.
SQL: SELECT * FROM `sys_coupon` WHERE (  1  AND end_time>=1480694400 AND  price < 10  ) ORDER BY rand() LIMIT 0,24   [ RunTime:0.0049s ]
INFO: [ view_parse ] --START--
INFO: [ template_filter ] --START--
INFO: Run Behavior\ContentReplaceBehavior [ RunTime:0.000324s ]
INFO: [ template_filter ] --END-- [ RunTime:0.000364s ]
INFO: Run Behavior\ParseTemplateBehavior [ RunTime:0.014978s ]
INFO: [ view_parse ] --END-- [ RunTime:0.015028s ]
INFO: [ view_filter ] --START--
INFO: Run Behavior\WriteHtmlCacheBehavior [ RunTime:0.000285s ]
INFO: [ view_filter ] --END-- [ RunTime:0.000310s ]
INFO: [ app_end ] --START--
INFO: Run Behavior\ShowPageTraceBehavior [ RunTime:0.000741s ]
INFO: [ app_end ] --END-- [ RunTime:0.000811s ]

